[debug] [2024-08-21T05:38:56.724Z] ----------------------------------------------------------------------
[debug] [2024-08-21T05:38:56.726Z] Command:       C:\Program Files\nodejs\node.exe C:\Users\denni\AppData\Roaming\npm\node_modules\firebase-tools\lib\bin\firebase.js init
[debug] [2024-08-21T05:38:56.726Z] CLI Version:   13.10.2
[debug] [2024-08-21T05:38:56.726Z] Platform:      win32
[debug] [2024-08-21T05:38:56.726Z] Node Version:  v20.11.0
[debug] [2024-08-21T05:38:56.726Z] Time:          Wed Aug 21 2024 01:38:56 GMT-0400 (Eastern Daylight Time)
[debug] [2024-08-21T05:38:56.726Z] ----------------------------------------------------------------------
[debug] 
[debug] [2024-08-21T05:38:56.778Z] > command requires scopes: ["email","openid","https://www.googleapis.com/auth/cloudplatformprojects.readonly","https://www.googleapis.com/auth/firebase","https://www.googleapis.com/auth/cloud-platform"]
[debug] [2024-08-21T05:38:56.779Z] > authorizing via signed-in user (denniswong342@gmail.com)
[info] 
     ######## #### ########  ######## ########     ###     ######  ########
     ##        ##  ##     ## ##       ##     ##  ##   ##  ##       ##
     ######    ##  ########  ######   ########  #########  ######  ######
     ##        ##  ##    ##  ##       ##     ## ##     ##       ## ##
     ##       #### ##     ## ######## ########  ##     ##  ######  ########

You're about to initialize a Firebase project in this directory:

  C:\Users\denni\Coding Projects\web-scraper

Before we get started, keep in mind:

  * You are initializing within an existing Firebase project directory

[debug] [2024-08-21T05:47:09.227Z] ----------------------------------------------------------------------
[debug] [2024-08-21T05:47:09.229Z] Command:       C:\Program Files\nodejs\node.exe C:\Users\denni\AppData\Roaming\npm\node_modules\firebase-tools\lib\bin\firebase.js init
[debug] [2024-08-21T05:47:09.229Z] CLI Version:   13.10.2
[debug] [2024-08-21T05:47:09.229Z] Platform:      win32
[debug] [2024-08-21T05:47:09.229Z] Node Version:  v20.11.0
[debug] [2024-08-21T05:47:09.229Z] Time:          Wed Aug 21 2024 01:47:09 GMT-0400 (Eastern Daylight Time)
[debug] [2024-08-21T05:47:09.229Z] ----------------------------------------------------------------------
[debug] 
[debug] [2024-08-21T05:47:09.277Z] > command requires scopes: ["email","openid","https://www.googleapis.com/auth/cloudplatformprojects.readonly","https://www.googleapis.com/auth/firebase","https://www.googleapis.com/auth/cloud-platform"]
[debug] [2024-08-21T05:47:09.278Z] > authorizing via signed-in user (denniswong342@gmail.com)
[info] 
     ######## #### ########  ######## ########     ###     ######  ########
     ##        ##  ##     ## ##       ##     ##  ##   ##  ##       ##
     ######    ##  ########  ######   ########  #########  ######  ######
     ##        ##  ##    ##  ##       ##     ## ##     ##       ## ##
     ##       #### ##     ## ######## ########  ##     ##  ######  ########

You're about to initialize a Firebase project in this directory:

  C:\Users\denni\Coding Projects\web-scraper

Before we get started, keep in mind:

  * You are initializing within an existing Firebase project directory

